Content-Type: multipart/alternative;
 boundary="===============1033582218732113420=="
MIME-Version: 1.0
Subject: [example.com] Please Confirm Your E-mail Address
From: manul.goyal@gmail.com
To: goyal.10@iitj.ac.in
Date: Sun, 22 Dec 2019 14:41:27 -0000
Message-ID: <157702568711.2396.5670969708112849138@DESKTOP-IEU8RU2>

--===============1033582218732113420==
Content-Type: text/plain; charset="utf-8"
MIME-Version: 1.0
Content-Transfer-Encoding: 7bit

Hello from example.com!

You're receiving this e-mail because user gmanul has given yours as an e-mail address to connect their account.

To confirm this is correct, go to http://127.0.0.1:8000/accounts/confirm-email/Ng:1ij2QB:n2PdMzk6C8IG7tQYRpRuo2lBGpU/

Thank you from example.com!
127.0.0.1
--===============1033582218732113420==
Content-Type: text/html; charset="utf-8"
MIME-Version: 1.0
Content-Transfer-Encoding: 7bit

Hello from example.com!

You're receiving this e-mail because user gmanul has given yours as an e-mail address to connect their account.

To confirm this is correct, go to http://127.0.0.1:8000/accounts/confirm-email/Ng:1ij2QB:n2PdMzk6C8IG7tQYRpRuo2lBGpU/

Thank you from example.com!
127.0.0.1
--===============1033582218732113420==--

-------------------------------------------------------------------------------
